<?xml version="1.0" encoding="UTF-8"?>
<!-- Generated by org.testng.reporters.JUnitReportReporter -->
<testsuite hostname="DESKTOP-LSUVMN2" name="ExceptionModule.ExceptionFeature.ExceptionTestCase" tests="6" failures="0" timestamp="16 Nov 2019 05:15:24 GMT" time="39.394" errors="0">
  <testcase name="step_1" time="7.742" classname="ExceptionModule.ExceptionFeature.ExceptionTestCase"/>
  <testcase name="step_2" time="4.477" classname="ExceptionModule.ExceptionFeature.ExceptionTestCase"/>
  <testcase name="step_5" time="5.230" classname="ExceptionModule.ExceptionFeature.ExceptionTestCase"/>
  <testcase name="step_0" time="10.628" classname="ExceptionModule.ExceptionFeature.ExceptionTestCase"/>
  <testcase name="step_3" time="3.507" classname="ExceptionModule.ExceptionFeature.ExceptionTestCase"/>
  <testcase name="step_4" time="7.810" classname="ExceptionModule.ExceptionFeature.ExceptionTestCase"/>
</testsuite> <!-- ExceptionModule.ExceptionFeature.ExceptionTestCase -->
