<?xml version="1.0" encoding="UTF-8"?>
<!-- Generated by org.testng.reporters.JUnitReportReporter -->
<testsuite skipped="0" hostname="Opal-PC" name="module.feature.ProvideFileNameOpalAppium09" tests="1" failures="0" timestamp="28 Dec 2018 06:17:19 GMT" time="8.449" errors="0">
  <testcase name="run" time="8.449" classname="module.feature.ProvideFileNameOpalAppium09"/>
</testsuite> <!-- module.feature.ProvideFileNameOpalAppium09 -->
