<?xml version="1.0" encoding="UTF-8"?>
<!-- Generated by org.testng.reporters.JUnitReportReporter -->
<testsuite hostname="DESKTOP-LSUVMN2" name="ExceptionModule.ExceptionFeature.ExceptionTestCase" tests="6" failures="0" timestamp="16 Nov 2019 05:10:56 GMT" time="39.032" errors="0">
  <testcase name="step_5" time="5.323" classname="ExceptionModule.ExceptionFeature.ExceptionTestCase"/>
  <testcase name="step_2" time="3.490" classname="ExceptionModule.ExceptionFeature.ExceptionTestCase"/>
  <testcase name="step_4" time="8.354" classname="ExceptionModule.ExceptionFeature.ExceptionTestCase"/>
  <testcase name="step_1" time="7.575" classname="ExceptionModule.ExceptionFeature.ExceptionTestCase"/>
  <testcase name="step_0" time="11.687" classname="ExceptionModule.ExceptionFeature.ExceptionTestCase"/>
  <testcase name="step_3" time="2.603" classname="ExceptionModule.ExceptionFeature.ExceptionTestCase"/>
</testsuite> <!-- ExceptionModule.ExceptionFeature.ExceptionTestCase -->
