<?xml version="1.0" encoding="UTF-8"?>
<!-- Generated by org.testng.reporters.JUnitReportReporter -->
<testsuite hostname="DESKTOP-J1F552J" name="Execution" tests="1" failures="0" timestamp="21 Dec 2018 06:49:34 GMT" time="8.373" errors="0">
  <testcase name="run" time="8.373" classname="Execution"/>
</testsuite> <!-- Execution -->
