<?xml version="1.0" encoding="UTF-8"?>
<!-- Generated by org.testng.reporters.JUnitReportReporter -->
<testsuite hostname="DESKTOP-LSUVMN2" name="ExceptionModule.ExceptionFeature.ExceptionTestCase" tests="12" failures="0" timestamp="16 Nov 2019 04:56:39 GMT" time="60.589" errors="0">
  <testcase name="step_3" time="2.651" classname="ExceptionModule.ExceptionFeature.ExceptionTestCase"/>
  <testcase name="step_4" time="7.758" classname="ExceptionModule.ExceptionFeature.ExceptionTestCase"/>
  <testcase name="step_5" time="4.267" classname="ExceptionModule.ExceptionFeature.ExceptionTestCase"/>
  <testcase name="step_0" time="5.454" classname="ExceptionModule.ExceptionFeature.ExceptionTestCase"/>
  <testcase name="step_2" time="3.354" classname="ExceptionModule.ExceptionFeature.ExceptionTestCase"/>
  <testcase name="step_2" time="3.562" classname="ExceptionModule.ExceptionFeature.ExceptionTestCase"/>
  <testcase name="step_5" time="4.806" classname="ExceptionModule.ExceptionFeature.ExceptionTestCase"/>
  <testcase name="step_3" time="2.603" classname="ExceptionModule.ExceptionFeature.ExceptionTestCase"/>
  <testcase name="step_1" time="4.738" classname="ExceptionModule.ExceptionFeature.ExceptionTestCase"/>
  <testcase name="step_1" time="5.181" classname="ExceptionModule.ExceptionFeature.ExceptionTestCase"/>
  <testcase name="step_0" time="8.314" classname="ExceptionModule.ExceptionFeature.ExceptionTestCase"/>
  <testcase name="step_4" time="7.901" classname="ExceptionModule.ExceptionFeature.ExceptionTestCase"/>
</testsuite> <!-- ExceptionModule.ExceptionFeature.ExceptionTestCase -->
