<?xml version="1.0" encoding="UTF-8"?>
<!-- Generated by org.testng.reporters.JUnitReportReporter -->
<testsuite hostname="DESKTOP-LSUVMN2" name="ExceptionModule.ExceptionFeature.ExceptionTestCase" tests="6" failures="0" timestamp="14 Nov 2019 07:05:03 GMT" time="46.375" errors="0">
  <testcase name="step_0" time="7.382" classname="ExceptionModule.ExceptionFeature.ExceptionTestCase"/>
  <testcase name="step_1" time="8.129" classname="ExceptionModule.ExceptionFeature.ExceptionTestCase"/>
  <testcase name="step_4" time="11.185" classname="ExceptionModule.ExceptionFeature.ExceptionTestCase"/>
  <testcase name="step_5" time="8.520" classname="ExceptionModule.ExceptionFeature.ExceptionTestCase"/>
  <testcase name="step_2" time="6.734" classname="ExceptionModule.ExceptionFeature.ExceptionTestCase"/>
  <testcase name="step_3" time="4.425" classname="ExceptionModule.ExceptionFeature.ExceptionTestCase"/>
</testsuite> <!-- ExceptionModule.ExceptionFeature.ExceptionTestCase -->
