<?xml version="1.0" encoding="UTF-8"?>
<!-- Generated by org.testng.reporters.JUnitReportReporter -->
<testsuite hostname="DESKTOP-LSUVMN2" name="ExceptionModule.ExceptionFeature.ExceptionTestCase" tests="6" failures="0" timestamp="15 Nov 2019 16:42:42 GMT" time="37.943" errors="0">
  <testcase name="step_4" time="8.198" classname="ExceptionModule.ExceptionFeature.ExceptionTestCase"/>
  <testcase name="step_5" time="4.359" classname="ExceptionModule.ExceptionFeature.ExceptionTestCase"/>
  <testcase name="step_2" time="3.343" classname="ExceptionModule.ExceptionFeature.ExceptionTestCase"/>
  <testcase name="step_0" time="12.375" classname="ExceptionModule.ExceptionFeature.ExceptionTestCase"/>
  <testcase name="step_3" time="2.587" classname="ExceptionModule.ExceptionFeature.ExceptionTestCase"/>
  <testcase name="step_1" time="7.081" classname="ExceptionModule.ExceptionFeature.ExceptionTestCase"/>
</testsuite> <!-- ExceptionModule.ExceptionFeature.ExceptionTestCase -->
