<?xml version="1.0" encoding="UTF-8"?>
<!-- Generated by org.testng.reporters.JUnitReportReporter -->
<testsuite hostname="DESKTOP-LSUVMN2" name="ManualStepExModule.AutoGenFeature.AutoGenScript" tests="17" failures="0" timestamp="15 Nov 2019 17:55:51 GMT" time="71.187" errors="0">
  <testcase name="step_10" time="2.501" classname="ManualStepExModule.AutoGenFeature.AutoGenScript"/>
  <testcase name="step_1" time="7.092" classname="ManualStepExModule.AutoGenFeature.AutoGenScript"/>
  <testcase name="step_15" time="2.485" classname="ManualStepExModule.AutoGenFeature.AutoGenScript"/>
  <testcase name="step_3" time="2.867" classname="ManualStepExModule.AutoGenFeature.AutoGenScript"/>
  <testcase name="step_0" time="13.621" classname="ManualStepExModule.AutoGenFeature.AutoGenScript"/>
  <testcase name="step_5" time="2.572" classname="ManualStepExModule.AutoGenFeature.AutoGenScript"/>
  <testcase name="step_6" time="2.184" classname="ManualStepExModule.AutoGenFeature.AutoGenScript"/>
  <testcase name="step_2" time="3.736" classname="ManualStepExModule.AutoGenFeature.AutoGenScript"/>
  <testcase name="step_12" time="2.804" classname="ManualStepExModule.AutoGenFeature.AutoGenScript"/>
  <testcase name="step_13" time="2.564" classname="ManualStepExModule.AutoGenFeature.AutoGenScript"/>
  <testcase name="step_4" time="9.709" classname="ManualStepExModule.AutoGenFeature.AutoGenScript"/>
  <testcase name="step_7" time="2.697" classname="ManualStepExModule.AutoGenFeature.AutoGenScript"/>
  <testcase name="step_14" time="2.494" classname="ManualStepExModule.AutoGenFeature.AutoGenScript"/>
  <testcase name="step_9" time="2.227" classname="ManualStepExModule.AutoGenFeature.AutoGenScript"/>
  <testcase name="step_16" time="5.570" classname="ManualStepExModule.AutoGenFeature.AutoGenScript"/>
  <testcase name="step_8" time="3.399" classname="ManualStepExModule.AutoGenFeature.AutoGenScript"/>
  <testcase name="step_11" time="2.665" classname="ManualStepExModule.AutoGenFeature.AutoGenScript"/>
</testsuite> <!-- ManualStepExModule.AutoGenFeature.AutoGenScript -->
