<?xml version="1.0" encoding="UTF-8"?>
<!-- Generated by org.testng.reporters.JUnitReportReporter -->
<testsuite hostname="DESKTOP-LSUVMN2" name="AutomationExModule.AutomationExFeature.AutomationPassScript" tests="7" failures="0" timestamp="13 Nov 2019 11:07:25 GMT" time="45.848" errors="0">
  <testcase name="step_4" time="12.288" classname="AutomationExModule.AutomationExFeature.AutomationPassScript"/>
  <testcase name="step_1" time="4.023" classname="AutomationExModule.AutomationExFeature.AutomationPassScript"/>
  <testcase name="step_0" time="5.361" classname="AutomationExModule.AutomationExFeature.AutomationPassScript"/>
  <testcase name="step_2" time="3.684" classname="AutomationExModule.AutomationExFeature.AutomationPassScript"/>
  <testcase name="step_5" time="3.525" classname="AutomationExModule.AutomationExFeature.AutomationPassScript"/>
  <testcase name="step_3" time="10.624" classname="AutomationExModule.AutomationExFeature.AutomationPassScript"/>
  <testcase name="step_6" time="6.343" classname="AutomationExModule.AutomationExFeature.AutomationPassScript"/>
</testsuite> <!-- AutomationExModule.AutomationExFeature.AutomationPassScript -->
