<?xml version="1.0" encoding="UTF-8"?>
<!-- Generated by org.testng.reporters.JUnitReportReporter -->
<testsuite hostname="DESKTOP-LSUVMN2" name="AutomationExModule.AutomationExFeature.AutomationPassScript" tests="7" failures="0" timestamp="18 Nov 2019 13:26:38 GMT" time="48.919" errors="0">
  <testcase name="step_2" time="5.074" classname="AutomationExModule.AutomationExFeature.AutomationPassScript"/>
  <testcase name="step_0" time="8.554" classname="AutomationExModule.AutomationExFeature.AutomationPassScript"/>
  <testcase name="step_6" time="7.479" classname="AutomationExModule.AutomationExFeature.AutomationPassScript"/>
  <testcase name="step_4" time="10.627" classname="AutomationExModule.AutomationExFeature.AutomationPassScript"/>
  <testcase name="step_5" time="4.164" classname="AutomationExModule.AutomationExFeature.AutomationPassScript"/>
  <testcase name="step_1" time="9.775" classname="AutomationExModule.AutomationExFeature.AutomationPassScript"/>
  <testcase name="step_3" time="3.246" classname="AutomationExModule.AutomationExFeature.AutomationPassScript"/>
</testsuite> <!-- AutomationExModule.AutomationExFeature.AutomationPassScript -->
